#
# There is insufficient memory for the Java Runtime Environment to continue.
# Native memory allocation (malloc) failed to allocate 613136 bytes for Chunk::new
# Possible reasons:
#   The system is out of physical RAM or swap space
#   The process is running with CompressedOops enabled, and the Java Heap may be blocking the growth of the native heap
# Possible solutions:
#   Reduce memory load on the system
#   Increase physical memory or swap space
#   Check if swap backing store is full
#   Decrease Java heap size (-Xmx/-Xms)
#   Decrease number of Java threads
#   Decrease Java thread stack sizes (-Xss)
#   Set larger code cache with -XX:ReservedCodeCacheSize=
#   JVM is running with Unscaled Compressed Oops mode in which the Java heap is
#     placed in the first 4GB address space. The Java Heap base address is the
#     maximum limit for the native heap growth. Please use -XX:HeapBaseMinAddress
#     to set the Java Heap base and to place the Java Heap above 4GB virtual address.
# This output file may be truncated or incomplete.
#
#  Out of Memory Error (./open/src/hotspot/share/memory/arena.cpp:197), pid=20532, tid=27600
#
# JRE version: Java(TM) SE Runtime Environment 18.9 (11.0.10+8) (build 11.0.10+8-LTS-162)
# Java VM: Java HotSpot(TM) 64-Bit Server VM 18.9 (11.0.10+8-LTS-162, mixed mode, tiered, compressed oops, g1 gc, windows-amd64)
# No core dump will be written. Minidumps are not enabled by default on client versions of Windows
#

---------------  S U M M A R Y ------------

Command Line: -Dorg.gradle.internal.worker.tmpdir=C:\Users\hakanozel\Desktop\developmentHiring\developmentHiring\build\tmp\test\work -Dorg.gradle.native=false --add-opens=java.base/java.util=ALL-UNNAMED --add-opens=java.base/java.lang=ALL-UNNAMED -Xmx512m -Dfile.encoding=windows-1254 -Duser.country=TR -Duser.language=tr -Duser.variant -ea worker.org.gradle.process.internal.worker.GradleWorkerMain 'Gradle Test Executor 1'

Host: Intel(R) Core(TM) i7-8550U CPU @ 1.80GHz, 8 cores, 15G,  Windows 10 , 64 bit Build 19041 (10.0.19041.1348)
Time: Tue Jan 25 23:15:45 2022 Türkiye Standart Saati elapsed time: 6.450294 seconds (0d 0h 0m 6s)

---------------  T H R E A D  ---------------

Current thread (0x000002751560d800):  JavaThread "C2 CompilerThread2" daemon [_thread_in_native, id=27600, stack(0x000000dcdfc00000,0x000000dcdfd00000)]


Current CompileTask:
C2:   6450 4236   !   4       java.net.URL::<init> (543 bytes)

Stack: [0x000000dcdfc00000,0x000000dcdfd00000]
Native frames: (J=compiled Java code, j=interpreted, Vv=VM code, C=native code)
V  [jvm.dll+0x613e6a]
V  [jvm.dll+0x74c1ff]
V  [jvm.dll+0x74d885]
V  [jvm.dll+0x74df03]
V  [jvm.dll+0x243b78]
V  [jvm.dll+0xba2cc]
V  [jvm.dll+0xba9cc]
V  [jvm.dll+0x3469c7]
V  [jvm.dll+0x3147d3]
V  [jvm.dll+0x313b1a]
V  [jvm.dll+0x1fd395]
V  [jvm.dll+0x1fc54f]
V  [jvm.dll+0x17f09c]
V  [jvm.dll+0x20bbd4]
V  [jvm.dll+0x209cab]
V  [jvm.dll+0x713619]
V  [jvm.dll+0x70c314]
V  [jvm.dll+0x613036]
C  [ucrtbase.dll+0x21bb2]
C  [KERNEL32.DLL+0x17034]
C  [ntdll.dll+0x52651]


---------------  P R O C E S S  ---------------

Threads class SMR info:
_java_thread_list=0x00000275168932e0, length=17, elements={
0x0000027577a48000, 0x00000275137b3000, 0x00000275137e0800, 0x0000027513830000,
0x0000027513831000, 0x0000027513832800, 0x0000027513837800, 0x0000027513842800,
0x0000027513960000, 0x00000275139b8000, 0x000002751447d800, 0x00000275141e9800,
0x00000275143a6800, 0x00000275146c0800, 0x000002751560d800, 0x000002751a229800,
0x00000275172ae800
}

Java Threads: ( => current thread )
  0x0000027577a48000 JavaThread "Test worker" [_thread_in_Java, id=25424, stack(0x000000dcdde00000,0x000000dcddf00000)]
  0x00000275137b3000 JavaThread "Reference Handler" daemon [_thread_blocked, id=19492, stack(0x000000dcde500000,0x000000dcde600000)]
  0x00000275137e0800 JavaThread "Finalizer" daemon [_thread_blocked, id=27196, stack(0x000000dcde600000,0x000000dcde700000)]
  0x0000027513830000 JavaThread "Signal Dispatcher" daemon [_thread_blocked, id=25024, stack(0x000000dcde700000,0x000000dcde800000)]
  0x0000027513831000 JavaThread "Attach Listener" daemon [_thread_blocked, id=5248, stack(0x000000dcde800000,0x000000dcde900000)]
  0x0000027513832800 JavaThread "C2 CompilerThread0" daemon [_thread_in_native, id=19804, stack(0x000000dcde900000,0x000000dcdea00000)]
  0x0000027513837800 JavaThread "C1 CompilerThread0" daemon [_thread_blocked, id=16948, stack(0x000000dcdea00000,0x000000dcdeb00000)]
  0x0000027513842800 JavaThread "Sweeper thread" daemon [_thread_blocked, id=6016, stack(0x000000dcdeb00000,0x000000dcdec00000)]
  0x0000027513960000 JavaThread "Common-Cleaner" daemon [_thread_blocked, id=10272, stack(0x000000dcdec00000,0x000000dcded00000)]
  0x00000275139b8000 JavaThread "Service Thread" daemon [_thread_blocked, id=23368, stack(0x000000dcded00000,0x000000dcdee00000)]
  0x000002751447d800 JavaThread "/127.0.0.1:60747 to /127.0.0.1:60745 workers" [_thread_blocked, id=31548, stack(0x000000dcdf100000,0x000000dcdf200000)]
  0x00000275141e9800 JavaThread "/127.0.0.1:60747 to /127.0.0.1:60745 workers Thread 2" [_thread_blocked, id=16136, stack(0x000000dcdef00000,0x000000dcdf000000)]
  0x00000275143a6800 JavaThread "/127.0.0.1:60747 to /127.0.0.1:60745 workers Thread 3" [_thread_in_native, id=3652, stack(0x000000dcdf200000,0x000000dcdf300000)]
  0x00000275146c0800 JavaThread "C2 CompilerThread1" daemon [_thread_in_native, id=17976, stack(0x000000dcdf300000,0x000000dcdf400000)]
=>0x000002751560d800 JavaThread "C2 CompilerThread2" daemon [_thread_in_native, id=27600, stack(0x000000dcdfc00000,0x000000dcdfd00000)]
  0x000002751a229800 JavaThread "HikariPool-1 housekeeper" daemon [_thread_blocked, id=30708, stack(0x000000dcdfd00000,0x000000dcdfe00000)]
  0x00000275172ae800 JavaThread "HikariPool-1 connection adder" daemon [_thread_blocked, id=22932, stack(0x000000dcdfe00000,0x000000dcdff00000)]

Other Threads:
  0x00000275137b1800 VMThread "VM Thread" [stack: 0x000000dcde400000,0x000000dcde500000] [id=13232]
  0x00000275139c7000 WatcherThread [stack: 0x000000dcdee00000,0x000000dcdef00000] [id=27804]
  0x0000027577a5e800 GCTaskThread "GC Thread#0" [stack: 0x000000dcddf00000,0x000000dcde000000] [id=29232]
  0x0000027514ba4000 GCTaskThread "GC Thread#1" [stack: 0x000000dcdf400000,0x000000dcdf500000] [id=26220]
  0x0000027514399800 GCTaskThread "GC Thread#2" [stack: 0x000000dcdf500000,0x000000dcdf600000] [id=13980]
  0x00000275149b1000 GCTaskThread "GC Thread#3" [stack: 0x000000dcdf600000,0x000000dcdf700000] [id=7664]
  0x00000275149b1800 GCTaskThread "GC Thread#4" [stack: 0x000000dcdf700000,0x000000dcdf800000] [id=11948]
  0x0000027514c33000 GCTaskThread "GC Thread#5" [stack: 0x000000dcdf800000,0x000000dcdf900000] [id=25304]
  0x0000027514c34000 GCTaskThread "GC Thread#6" [stack: 0x000000dcdf900000,0x000000dcdfa00000] [id=24780]
  0x00000275143a1800 GCTaskThread "GC Thread#7" [stack: 0x000000dcdfa00000,0x000000dcdfb00000] [id=16848]
  0x0000027577a6f800 ConcurrentGCThread "G1 Main Marker" [stack: 0x000000dcde000000,0x000000dcde100000] [id=31372]
  0x0000027577a71800 ConcurrentGCThread "G1 Conc#0" [stack: 0x000000dcde100000,0x000000dcde200000] [id=22536]
  0x0000027514cf6800 ConcurrentGCThread "G1 Conc#1" [stack: 0x000000dcdfb00000,0x000000dcdfc00000] [id=23780]
  0x0000027577afe000 ConcurrentGCThread "G1 Refine#0" [stack: 0x000000dcde200000,0x000000dcde300000] [id=21784]
  0x0000027512e18800 ConcurrentGCThread "G1 Young RemSet Sampling" [stack: 0x000000dcde300000,0x000000dcde400000] [id=17220]

Threads with active compile tasks:
C2 CompilerThread0   6503 4133       4       jdk.internal.loader.BuiltinClassLoader::loadClassOrNull (7 bytes)
C2 CompilerThread1   6503 4211       4       jdk.internal.loader.ClassLoaders$AppClassLoader::loadClass (40 bytes)
C2 CompilerThread2   6503 4236   !   4       java.net.URL::<init> (543 bytes)

VM state:not at safepoint (normal execution)

VM Mutex/Monitor currently owned by a thread: None

Heap address: 0x00000000e0000000, size: 512 MB, Compressed Oops mode: 32-bit
Narrow klass base: 0x0000000000000000, Narrow klass shift: 3
Compressed class space size: 1073741824 Address: 0x0000000100000000

Heap:
 garbage-first heap   total 260096K, used 59843K [0x00000000e0000000, 0x0000000100000000)
  region size 1024K, 51 young (52224K), 11 survivors (11264K)
 Metaspace       used 51659K, capacity 53064K, committed 53292K, reserved 1095680K
  class space    used 6430K, capacity 6994K, committed 7040K, reserved 1048576K
Heap Regions: E=young(eden), S=young(survivor), O=old, HS=humongous(starts), HC=humongous(continues), CS=collection set, F=free, A=archive, TAMS=top-at-mark-start (previous, next)
|   0|0x00000000e0000000, 0x00000000e0100000, 0x00000000e0100000|100%|HS|  |TAMS 0x00000000e0100000, 0x00000000e0000000| Complete 
|   1|0x00000000e0100000, 0x00000000e0200000, 0x00000000e0200000|100%| O|  |TAMS 0x00000000e0200000, 0x00000000e0100000| Untracked 
|   2|0x00000000e0200000, 0x00000000e0300000, 0x00000000e0300000|100%| O|  |TAMS 0x00000000e0300000, 0x00000000e0200000| Untracked 
|   3|0x00000000e0300000, 0x00000000e0400000, 0x00000000e0400000|100%| O|  |TAMS 0x00000000e0400000, 0x00000000e0300000| Untracked 
|   4|0x00000000e0400000, 0x00000000e0500000, 0x00000000e0500000|100%| O|  |TAMS 0x00000000e0500000, 0x00000000e0400000| Untracked 
|   5|0x00000000e0500000, 0x00000000e0600000, 0x00000000e0600000|100%| O|  |TAMS 0x00000000e0600000, 0x00000000e0500000| Untracked 
|   6|0x00000000e0600000, 0x00000000e0700000, 0x00000000e0700000|100%| O|  |TAMS 0x00000000e0700000, 0x00000000e0600000| Untracked 
|   7|0x00000000e0700000, 0x00000000e0800000, 0x00000000e0800000|100%| O|  |TAMS 0x00000000e0800000, 0x00000000e0700000| Untracked 
|   8|0x00000000e0800000, 0x00000000e088da00, 0x00000000e0900000| 55%| O|  |TAMS 0x00000000e088da00, 0x00000000e0800000| Untracked 
|   9|0x00000000e0900000, 0x00000000e0900000, 0x00000000e0a00000|  0%| F|  |TAMS 0x00000000e0900000, 0x00000000e0900000| Untracked 
|  10|0x00000000e0a00000, 0x00000000e0a00000, 0x00000000e0b00000|  0%| F|  |TAMS 0x00000000e0a00000, 0x00000000e0a00000| Untracked 
|  11|0x00000000e0b00000, 0x00000000e0b00000, 0x00000000e0c00000|  0%| F|  |TAMS 0x00000000e0b00000, 0x00000000e0b00000| Untracked 
|  12|0x00000000e0c00000, 0x00000000e0c00000, 0x00000000e0d00000|  0%| F|  |TAMS 0x00000000e0c00000, 0x00000000e0c00000| Untracked 
|  13|0x00000000e0d00000, 0x00000000e0d00000, 0x00000000e0e00000|  0%| F|  |TAMS 0x00000000e0d00000, 0x00000000e0d00000| Untracked 
|  14|0x00000000e0e00000, 0x00000000e0e00000, 0x00000000e0f00000|  0%| F|  |TAMS 0x00000000e0e00000, 0x00000000e0e00000| Untracked 
|  15|0x00000000e0f00000, 0x00000000e0f00000, 0x00000000e1000000|  0%| F|  |TAMS 0x00000000e0f00000, 0x00000000e0f00000| Untracked 
|  16|0x00000000e1000000, 0x00000000e1000000, 0x00000000e1100000|  0%| F|  |TAMS 0x00000000e1000000, 0x00000000e1000000| Untracked 
|  17|0x00000000e1100000, 0x00000000e1100000, 0x00000000e1200000|  0%| F|  |TAMS 0x00000000e1100000, 0x00000000e1100000| Untracked 
|  18|0x00000000e1200000, 0x00000000e1200000, 0x00000000e1300000|  0%| F|  |TAMS 0x00000000e1200000, 0x00000000e1200000| Untracked 
|  19|0x00000000e1300000, 0x00000000e1300000, 0x00000000e1400000|  0%| F|  |TAMS 0x00000000e1300000, 0x00000000e1300000| Untracked 
|  20|0x00000000e1400000, 0x00000000e1400000, 0x00000000e1500000|  0%| F|  |TAMS 0x00000000e1400000, 0x00000000e1400000| Untracked 
|  21|0x00000000e1500000, 0x00000000e1500000, 0x00000000e1600000|  0%| F|  |TAMS 0x00000000e1500000, 0x00000000e1500000| Untracked 
|  22|0x00000000e1600000, 0x00000000e1600000, 0x00000000e1700000|  0%| F|  |TAMS 0x00000000e1600000, 0x00000000e1600000| Untracked 
|  23|0x00000000e1700000, 0x00000000e1700000, 0x00000000e1800000|  0%| F|  |TAMS 0x00000000e1700000, 0x00000000e1700000| Untracked 
|  24|0x00000000e1800000, 0x00000000e1800000, 0x00000000e1900000|  0%| F|  |TAMS 0x00000000e1800000, 0x00000000e1800000| Untracked 
|  25|0x00000000e1900000, 0x00000000e1900000, 0x00000000e1a00000|  0%| F|  |TAMS 0x00000000e1900000, 0x00000000e1900000| Untracked 
|  26|0x00000000e1a00000, 0x00000000e1a00000, 0x00000000e1b00000|  0%| F|  |TAMS 0x00000000e1a00000, 0x00000000e1a00000| Untracked 
|  27|0x00000000e1b00000, 0x00000000e1b00000, 0x00000000e1c00000|  0%| F|  |TAMS 0x00000000e1b00000, 0x00000000e1b00000| Untracked 
|  28|0x00000000e1c00000, 0x00000000e1c00000, 0x00000000e1d00000|  0%| F|  |TAMS 0x00000000e1c00000, 0x00000000e1c00000| Untracked 
|  29|0x00000000e1d00000, 0x00000000e1d00000, 0x00000000e1e00000|  0%| F|  |TAMS 0x00000000e1d00000, 0x00000000e1d00000| Untracked 
|  30|0x00000000e1e00000, 0x00000000e1e00000, 0x00000000e1f00000|  0%| F|  |TAMS 0x00000000e1e00000, 0x00000000e1e00000| Untracked 
|  31|0x00000000e1f00000, 0x00000000e1f00000, 0x00000000e2000000|  0%| F|  |TAMS 0x00000000e1f00000, 0x00000000e1f00000| Untracked 
|  32|0x00000000e2000000, 0x00000000e2000000, 0x00000000e2100000|  0%| F|  |TAMS 0x00000000e2000000, 0x00000000e2000000| Untracked 
|  33|0x00000000e2100000, 0x00000000e2100000, 0x00000000e2200000|  0%| F|  |TAMS 0x00000000e2100000, 0x00000000e2100000| Untracked 
|  34|0x00000000e2200000, 0x00000000e2200000, 0x00000000e2300000|  0%| F|  |TAMS 0x00000000e2200000, 0x00000000e2200000| Untracked 
|  35|0x00000000e2300000, 0x00000000e2300000, 0x00000000e2400000|  0%| F|  |TAMS 0x00000000e2300000, 0x00000000e2300000| Untracked 
|  36|0x00000000e2400000, 0x00000000e2400000, 0x00000000e2500000|  0%| F|  |TAMS 0x00000000e2400000, 0x00000000e2400000| Untracked 
|  37|0x00000000e2500000, 0x00000000e2500000, 0x00000000e2600000|  0%| F|  |TAMS 0x00000000e2500000, 0x00000000e2500000| Untracked 
|  38|0x00000000e2600000, 0x00000000e2600000, 0x00000000e2700000|  0%| F|  |TAMS 0x00000000e2600000, 0x00000000e2600000| Untracked 
|  39|0x00000000e2700000, 0x00000000e2700000, 0x00000000e2800000|  0%| F|  |TAMS 0x00000000e2700000, 0x00000000e2700000| Untracked 
|  40|0x00000000e2800000, 0x00000000e2800000, 0x00000000e2900000|  0%| F|  |TAMS 0x00000000e2800000, 0x00000000e2800000| Untracked 
|  41|0x00000000e2900000, 0x00000000e2900000, 0x00000000e2a00000|  0%| F|  |TAMS 0x00000000e2900000, 0x00000000e2900000| Untracked 
|  42|0x00000000e2a00000, 0x00000000e2a00000, 0x00000000e2b00000|  0%| F|  |TAMS 0x00000000e2a00000, 0x00000000e2a00000| Untracked 
|  43|0x00000000e2b00000, 0x00000000e2b00000, 0x00000000e2c00000|  0%| F|  |TAMS 0x00000000e2b00000, 0x00000000e2b00000| Untracked 
|  44|0x00000000e2c00000, 0x00000000e2c00000, 0x00000000e2d00000|  0%| F|  |TAMS 0x00000000e2c00000, 0x00000000e2c00000| Untracked 
|  45|0x00000000e2d00000, 0x00000000e2d00000, 0x00000000e2e00000|  0%| F|  |TAMS 0x00000000e2d00000, 0x00000000e2d00000| Untracked 
|  46|0x00000000e2e00000, 0x00000000e2e00000, 0x00000000e2f00000|  0%| F|  |TAMS 0x00000000e2e00000, 0x00000000e2e00000| Untracked 
|  47|0x00000000e2f00000, 0x00000000e2f00000, 0x00000000e3000000|  0%| F|  |TAMS 0x00000000e2f00000, 0x00000000e2f00000| Untracked 
|  48|0x00000000e3000000, 0x00000000e3000000, 0x00000000e3100000|  0%| F|  |TAMS 0x00000000e3000000, 0x00000000e3000000| Untracked 
|  49|0x00000000e3100000, 0x00000000e3100000, 0x00000000e3200000|  0%| F|  |TAMS 0x00000000e3100000, 0x00000000e3100000| Untracked 
|  50|0x00000000e3200000, 0x00000000e3200000, 0x00000000e3300000|  0%| F|  |TAMS 0x00000000e3200000, 0x00000000e3200000| Untracked 
|  51|0x00000000e3300000, 0x00000000e3300000, 0x00000000e3400000|  0%| F|  |TAMS 0x00000000e3300000, 0x00000000e3300000| Untracked 
|  52|0x00000000e3400000, 0x00000000e3400000, 0x00000000e3500000|  0%| F|  |TAMS 0x00000000e3400000, 0x00000000e3400000| Untracked 
|  53|0x00000000e3500000, 0x00000000e3500000, 0x00000000e3600000|  0%| F|  |TAMS 0x00000000e3500000, 0x00000000e3500000| Untracked 
|  54|0x00000000e3600000, 0x00000000e3600000, 0x00000000e3700000|  0%| F|  |TAMS 0x00000000e3600000, 0x00000000e3600000| Untracked 
|  55|0x00000000e3700000, 0x00000000e3700000, 0x00000000e3800000|  0%| F|  |TAMS 0x00000000e3700000, 0x00000000e3700000| Untracked 
|  56|0x00000000e3800000, 0x00000000e3800000, 0x00000000e3900000|  0%| F|  |TAMS 0x00000000e3800000, 0x00000000e3800000| Untracked 
|  57|0x00000000e3900000, 0x00000000e3900000, 0x00000000e3a00000|  0%| F|  |TAMS 0x00000000e3900000, 0x00000000e3900000| Untracked 
|  58|0x00000000e3a00000, 0x00000000e3a00000, 0x00000000e3b00000|  0%| F|  |TAMS 0x00000000e3a00000, 0x00000000e3a00000| Untracked 
|  59|0x00000000e3b00000, 0x00000000e3b00000, 0x00000000e3c00000|  0%| F|  |TAMS 0x00000000e3b00000, 0x00000000e3b00000| Untracked 
|  60|0x00000000e3c00000, 0x00000000e3c00000, 0x00000000e3d00000|  0%| F|  |TAMS 0x00000000e3c00000, 0x00000000e3c00000| Untracked 
|  61|0x00000000e3d00000, 0x00000000e3d00000, 0x00000000e3e00000|  0%| F|  |TAMS 0x00000000e3d00000, 0x00000000e3d00000| Untracked 
|  62|0x00000000e3e00000, 0x00000000e3e00000, 0x00000000e3f00000|  0%| F|  |TAMS 0x00000000e3e00000, 0x00000000e3e00000| Untracked 
|  63|0x00000000e3f00000, 0x00000000e3f00000, 0x00000000e4000000|  0%| F|  |TAMS 0x00000000e3f00000, 0x00000000e3f00000| Untracked 
|  64|0x00000000e4000000, 0x00000000e4000000, 0x00000000e4100000|  0%| F|  |TAMS 0x00000000e4000000, 0x00000000e4000000| Untracked 
|  65|0x00000000e4100000, 0x00000000e4100000, 0x00000000e4200000|  0%| F|  |TAMS 0x00000000e4100000, 0x00000000e4100000| Untracked 
|  66|0x00000000e4200000, 0x00000000e4200000, 0x00000000e4300000|  0%| F|  |TAMS 0x00000000e4200000, 0x00000000e4200000| Untracked 
|  67|0x00000000e4300000, 0x00000000e4300000, 0x00000000e4400000|  0%| F|  |TAMS 0x00000000e4300000, 0x00000000e4300000| Untracked 
|  68|0x00000000e4400000, 0x00000000e4400000, 0x00000000e4500000|  0%| F|  |TAMS 0x00000000e4400000, 0x00000000e4400000| Untracked 
|  69|0x00000000e4500000, 0x00000000e4500000, 0x00000000e4600000|  0%| F|  |TAMS 0x00000000e4500000, 0x00000000e4500000| Untracked 
|  70|0x00000000e4600000, 0x00000000e4600000, 0x00000000e4700000|  0%| F|  |TAMS 0x00000000e4600000, 0x00000000e4600000| Untracked 
|  71|0x00000000e4700000, 0x00000000e4700000, 0x00000000e4800000|  0%| F|  |TAMS 0x00000000e4700000, 0x00000000e4700000| Untracked 
|  72|0x00000000e4800000, 0x00000000e4800000, 0x00000000e4900000|  0%| F|  |TAMS 0x00000000e4800000, 0x00000000e4800000| Untracked 
|  73|0x00000000e4900000, 0x00000000e4900000, 0x00000000e4a00000|  0%| F|  |TAMS 0x00000000e4900000, 0x00000000e4900000| Untracked 
|  74|0x00000000e4a00000, 0x00000000e4a00000, 0x00000000e4b00000|  0%| F|  |TAMS 0x00000000e4a00000, 0x00000000e4a00000| Untracked 
|  75|0x00000000e4b00000, 0x00000000e4b00000, 0x00000000e4c00000|  0%| F|  |TAMS 0x00000000e4b00000, 0x00000000e4b00000| Untracked 
|  76|0x00000000e4c00000, 0x00000000e4c00000, 0x00000000e4d00000|  0%| F|  |TAMS 0x00000000e4c00000, 0x00000000e4c00000| Untracked 
|  77|0x00000000e4d00000, 0x00000000e4d00000, 0x00000000e4e00000|  0%| F|  |TAMS 0x00000000e4d00000, 0x00000000e4d00000| Untracked 
|  78|0x00000000e4e00000, 0x00000000e4e00000, 0x00000000e4f00000|  0%| F|  |TAMS 0x00000000e4e00000, 0x00000000e4e00000| Untracked 
|  79|0x00000000e4f00000, 0x00000000e4f00000, 0x00000000e5000000|  0%| F|  |TAMS 0x00000000e4f00000, 0x00000000e4f00000| Untracked 
|  80|0x00000000e5000000, 0x00000000e5000000, 0x00000000e5100000|  0%| F|  |TAMS 0x00000000e5000000, 0x00000000e5000000| Untracked 
|  81|0x00000000e5100000, 0x00000000e5100000, 0x00000000e5200000|  0%| F|  |TAMS 0x00000000e5100000, 0x00000000e5100000| Untracked 
|  82|0x00000000e5200000, 0x00000000e5200000, 0x00000000e5300000|  0%| F|  |TAMS 0x00000000e5200000, 0x00000000e5200000| Untracked 
|  83|0x00000000e5300000, 0x00000000e5300000, 0x00000000e5400000|  0%| F|  |TAMS 0x00000000e5300000, 0x00000000e5300000| Untracked 
|  84|0x00000000e5400000, 0x00000000e5400000, 0x00000000e5500000|  0%| F|  |TAMS 0x00000000e5400000, 0x00000000e5400000| Untracked 
|  85|0x00000000e5500000, 0x00000000e5500000, 0x00000000e5600000|  0%| F|  |TAMS 0x00000000e5500000, 0x00000000e5500000| Untracked 
|  86|0x00000000e5600000, 0x00000000e5600000, 0x00000000e5700000|  0%| F|  |TAMS 0x00000000e5600000, 0x00000000e5600000| Untracked 
|  87|0x00000000e5700000, 0x00000000e5700000, 0x00000000e5800000|  0%| F|  |TAMS 0x00000000e5700000, 0x00000000e5700000| Untracked 
|  88|0x00000000e5800000, 0x00000000e5800000, 0x00000000e5900000|  0%| F|  |TAMS 0x00000000e5800000, 0x00000000e5800000| Untracked 
|  89|0x00000000e5900000, 0x00000000e5900000, 0x00000000e5a00000|  0%| F|  |TAMS 0x00000000e5900000, 0x00000000e5900000| Untracked 
|  90|0x00000000e5a00000, 0x00000000e5a00000, 0x00000000e5b00000|  0%| F|  |TAMS 0x00000000e5a00000, 0x00000000e5a00000| Untracked 
|  91|0x00000000e5b00000, 0x00000000e5be3520, 0x00000000e5c00000| 88%| S|CS|TAMS 0x00000000e5b00000, 0x00000000e5b00000| Complete 
|  92|0x00000000e5c00000, 0x00000000e5d00000, 0x00000000e5d00000|100%| S|CS|TAMS 0x00000000e5c00000, 0x00000000e5c00000| Complete 
|  93|0x00000000e5d00000, 0x00000000e5e00000, 0x00000000e5e00000|100%| S|CS|TAMS 0x00000000e5d00000, 0x00000000e5d00000| Complete 
|  94|0x00000000e5e00000, 0x00000000e5f00000, 0x00000000e5f00000|100%| S|CS|TAMS 0x00000000e5e00000, 0x00000000e5e00000| Complete 
|  95|0x00000000e5f00000, 0x00000000e6000000, 0x00000000e6000000|100%| S|CS|TAMS 0x00000000e5f00000, 0x00000000e5f00000| Complete 
|  96|0x00000000e6000000, 0x00000000e6100000, 0x00000000e6100000|100%| S|CS|TAMS 0x00000000e6000000, 0x00000000e6000000| Complete 
|  97|0x00000000e6100000, 0x00000000e6200000, 0x00000000e6200000|100%| S|CS|TAMS 0x00000000e6100000, 0x00000000e6100000| Complete 
|  98|0x00000000e6200000, 0x00000000e6300000, 0x00000000e6300000|100%| S|CS|TAMS 0x00000000e6200000, 0x00000000e6200000| Complete 
|  99|0x00000000e6300000, 0x00000000e6400000, 0x00000000e6400000|100%| S|CS|TAMS 0x00000000e6300000, 0x00000000e6300000| Complete 
| 100|0x00000000e6400000, 0x00000000e6500000, 0x00000000e6500000|100%| S|CS|TAMS 0x00000000e6400000, 0x00000000e6400000| Complete 
| 101|0x00000000e6500000, 0x00000000e6600000, 0x00000000e6600000|100%| S|CS|TAMS 0x00000000e6500000, 0x00000000e6500000| Complete 
| 102|0x00000000e6600000, 0x00000000e6600000, 0x00000000e6700000|  0%| F|  |TAMS 0x00000000e6600000, 0x00000000e6600000| Untracked 
| 103|0x00000000e6700000, 0x00000000e6700000, 0x00000000e6800000|  0%| F|  |TAMS 0x00000000e6700000, 0x00000000e6700000| Untracked 
| 104|0x00000000e6800000, 0x00000000e6800000, 0x00000000e6900000|  0%| F|  |TAMS 0x00000000e6800000, 0x00000000e6800000| Untracked 
| 105|0x00000000e6900000, 0x00000000e6900000, 0x00000000e6a00000|  0%| F|  |TAMS 0x00000000e6900000, 0x00000000e6900000| Untracked 
| 106|0x00000000e6a00000, 0x00000000e6a00000, 0x00000000e6b00000|  0%| F|  |TAMS 0x00000000e6a00000, 0x00000000e6a00000| Untracked 
| 107|0x00000000e6b00000, 0x00000000e6b00000, 0x00000000e6c00000|  0%| F|  |TAMS 0x00000000e6b00000, 0x00000000e6b00000| Untracked 
| 108|0x00000000e6c00000, 0x00000000e6c00000, 0x00000000e6d00000|  0%| F|  |TAMS 0x00000000e6c00000, 0x00000000e6c00000| Untracked 
| 109|0x00000000e6d00000, 0x00000000e6d00000, 0x00000000e6e00000|  0%| F|  |TAMS 0x00000000e6d00000, 0x00000000e6d00000| Untracked 
| 110|0x00000000e6e00000, 0x00000000e6e00000, 0x00000000e6f00000|  0%| F|  |TAMS 0x00000000e6e00000, 0x00000000e6e00000| Untracked 
| 111|0x00000000e6f00000, 0x00000000e6f00000, 0x00000000e7000000|  0%| F|  |TAMS 0x00000000e6f00000, 0x00000000e6f00000| Untracked 
| 112|0x00000000e7000000, 0x00000000e7000000, 0x00000000e7100000|  0%| F|  |TAMS 0x00000000e7000000, 0x00000000e7000000| Untracked 
| 113|0x00000000e7100000, 0x00000000e7100000, 0x00000000e7200000|  0%| F|  |TAMS 0x00000000e7100000, 0x00000000e7100000| Untracked 
| 114|0x00000000e7200000, 0x00000000e7200000, 0x00000000e7300000|  0%| F|  |TAMS 0x00000000e7200000, 0x00000000e7200000| Untracked 
| 115|0x00000000e7300000, 0x00000000e7300000, 0x00000000e7400000|  0%| F|  |TAMS 0x00000000e7300000, 0x00000000e7300000| Untracked 
| 116|0x00000000e7400000, 0x00000000e7400000, 0x00000000e7500000|  0%| F|  |TAMS 0x00000000e7400000, 0x00000000e7400000| Untracked 
| 117|0x00000000e7500000, 0x00000000e7500000, 0x00000000e7600000|  0%| F|  |TAMS 0x00000000e7500000, 0x00000000e7500000| Untracked 
| 118|0x00000000e7600000, 0x00000000e7600000, 0x00000000e7700000|  0%| F|  |TAMS 0x00000000e7600000, 0x00000000e7600000| Untracked 
| 119|0x00000000e7700000, 0x00000000e7700000, 0x00000000e7800000|  0%| F|  |TAMS 0x00000000e7700000, 0x00000000e7700000| Untracked 
| 120|0x00000000e7800000, 0x00000000e7800000, 0x00000000e7900000|  0%| F|  |TAMS 0x00000000e7800000, 0x00000000e7800000| Untracked 
| 121|0x00000000e7900000, 0x00000000e7900000, 0x00000000e7a00000|  0%| F|  |TAMS 0x00000000e7900000, 0x00000000e7900000| Untracked 
| 122|0x00000000e7a00000, 0x00000000e7a00000, 0x00000000e7b00000|  0%| F|  |TAMS 0x00000000e7a00000, 0x00000000e7a00000| Untracked 
| 123|0x00000000e7b00000, 0x00000000e7b00000, 0x00000000e7c00000|  0%| F|  |TAMS 0x00000000e7b00000, 0x00000000e7b00000| Untracked 
| 124|0x00000000e7c00000, 0x00000000e7c00000, 0x00000000e7d00000|  0%| F|  |TAMS 0x00000000e7c00000, 0x00000000e7c00000| Untracked 
| 125|0x00000000e7d00000, 0x00000000e7d00000, 0x00000000e7e00000|  0%| F|  |TAMS 0x00000000e7d00000, 0x00000000e7d00000| Untracked 
| 126|0x00000000e7e00000, 0x00000000e7e00000, 0x00000000e7f00000|  0%| F|  |TAMS 0x00000000e7e00000, 0x00000000e7e00000| Untracked 
| 127|0x00000000e7f00000, 0x00000000e7f00000, 0x00000000e8000000|  0%| F|  |TAMS 0x00000000e7f00000, 0x00000000e7f00000| Untracked 
| 128|0x00000000e8000000, 0x00000000e8000000, 0x00000000e8100000|  0%| F|  |TAMS 0x00000000e8000000, 0x00000000e8000000| Untracked 
| 129|0x00000000e8100000, 0x00000000e8100000, 0x00000000e8200000|  0%| F|  |TAMS 0x00000000e8100000, 0x00000000e8100000| Untracked 
| 130|0x00000000e8200000, 0x00000000e8200000, 0x00000000e8300000|  0%| F|  |TAMS 0x00000000e8200000, 0x00000000e8200000| Untracked 
| 131|0x00000000e8300000, 0x00000000e8300000, 0x00000000e8400000|  0%| F|  |TAMS 0x00000000e8300000, 0x00000000e8300000| Untracked 
| 132|0x00000000e8400000, 0x00000000e8400000, 0x00000000e8500000|  0%| F|  |TAMS 0x00000000e8400000, 0x00000000e8400000| Untracked 
| 133|0x00000000e8500000, 0x00000000e8500000, 0x00000000e8600000|  0%| F|  |TAMS 0x00000000e8500000, 0x00000000e8500000| Untracked 
| 134|0x00000000e8600000, 0x00000000e8600000, 0x00000000e8700000|  0%| F|  |TAMS 0x00000000e8600000, 0x00000000e8600000| Untracked 
| 135|0x00000000e8700000, 0x00000000e8700000, 0x00000000e8800000|  0%| F|  |TAMS 0x00000000e8700000, 0x00000000e8700000| Untracked 
| 136|0x00000000e8800000, 0x00000000e8800000, 0x00000000e8900000|  0%| F|  |TAMS 0x00000000e8800000, 0x00000000e8800000| Untracked 
| 137|0x00000000e8900000, 0x00000000e8900000, 0x00000000e8a00000|  0%| F|  |TAMS 0x00000000e8900000, 0x00000000e8900000| Untracked 
| 138|0x00000000e8a00000, 0x00000000e8a00000, 0x00000000e8b00000|  0%| F|  |TAMS 0x00000000e8a00000, 0x00000000e8a00000| Untracked 
| 139|0x00000000e8b00000, 0x00000000e8b00000, 0x00000000e8c00000|  0%| F|  |TAMS 0x00000000e8b00000, 0x00000000e8b00000| Untracked 
| 140|0x00000000e8c00000, 0x00000000e8c00000, 0x00000000e8d00000|  0%| F|  |TAMS 0x00000000e8c00000, 0x00000000e8c00000| Untracked 
| 141|0x00000000e8d00000, 0x00000000e8d00000, 0x00000000e8e00000|  0%| F|  |TAMS 0x00000000e8d00000, 0x00000000e8d00000| Untracked 
| 142|0x00000000e8e00000, 0x00000000e8e00000, 0x00000000e8f00000|  0%| F|  |TAMS 0x00000000e8e00000, 0x00000000e8e00000| Untracked 
| 143|0x00000000e8f00000, 0x00000000e8f00000, 0x00000000e9000000|  0%| F|  |TAMS 0x00000000e8f00000, 0x00000000e8f00000| Untracked 
| 144|0x00000000e9000000, 0x00000000e9000000, 0x00000000e9100000|  0%| F|  |TAMS 0x00000000e9000000, 0x00000000e9000000| Untracked 
| 145|0x00000000e9100000, 0x00000000e9100000, 0x00000000e9200000|  0%| F|  |TAMS 0x00000000e9100000, 0x00000000e9100000| Untracked 
| 146|0x00000000e9200000, 0x00000000e9200000, 0x00000000e9300000|  0%| F|  |TAMS 0x00000000e9200000, 0x00000000e9200000| Untracked 
| 147|0x00000000e9300000, 0x00000000e9300000, 0x00000000e9400000|  0%| F|  |TAMS 0x00000000e9300000, 0x00000000e9300000| Untracked 
| 148|0x00000000e9400000, 0x00000000e9400000, 0x00000000e9500000|  0%| F|  |TAMS 0x00000000e9400000, 0x00000000e9400000| Untracked 
| 149|0x00000000e9500000, 0x00000000e9500000, 0x00000000e9600000|  0%| F|  |TAMS 0x00000000e9500000, 0x00000000e9500000| Untracked 
| 150|0x00000000e9600000, 0x00000000e9600000, 0x00000000e9700000|  0%| F|  |TAMS 0x00000000e9600000, 0x00000000e9600000| Untracked 
| 151|0x00000000e9700000, 0x00000000e9700000, 0x00000000e9800000|  0%| F|  |TAMS 0x00000000e9700000, 0x00000000e9700000| Untracked 
| 152|0x00000000e9800000, 0x00000000e9800000, 0x00000000e9900000|  0%| F|  |TAMS 0x00000000e9800000, 0x00000000e9800000| Untracked 
| 153|0x00000000e9900000, 0x00000000e9900000, 0x00000000e9a00000|  0%| F|  |TAMS 0x00000000e9900000, 0x00000000e9900000| Untracked 
| 154|0x00000000e9a00000, 0x00000000e9a00000, 0x00000000e9b00000|  0%| F|  |TAMS 0x00000000e9a00000, 0x00000000e9a00000| Untracked 
| 155|0x00000000e9b00000, 0x00000000e9b00000, 0x00000000e9c00000|  0%| F|  |TAMS 0x00000000e9b00000, 0x00000000e9b00000| Untracked 
| 156|0x00000000e9c00000, 0x00000000e9c00000, 0x00000000e9d00000|  0%| F|  |TAMS 0x00000000e9c00000, 0x00000000e9c00000| Untracked 
| 157|0x00000000e9d00000, 0x00000000e9d00000, 0x00000000e9e00000|  0%| F|  |TAMS 0x00000000e9d00000, 0x00000000e9d00000| Untracked 
| 158|0x00000000e9e00000, 0x00000000e9e00000, 0x00000000e9f00000|  0%| F|  |TAMS 0x00000000e9e00000, 0x00000000e9e00000| Untracked 
| 159|0x00000000e9f00000, 0x00000000e9f00000, 0x00000000ea000000|  0%| F|  |TAMS 0x00000000e9f00000, 0x00000000e9f00000| Untracked 
| 160|0x00000000ea000000, 0x00000000ea000000, 0x00000000ea100000|  0%| F|  |TAMS 0x00000000ea000000, 0x00000000ea000000| Untracked 
| 161|0x00000000ea100000, 0x00000000ea100000, 0x00000000ea200000|  0%| F|  |TAMS 0x00000000ea100000, 0x00000000ea100000| Untracked 
| 162|0x00000000ea200000, 0x00000000ea200000, 0x00000000ea300000|  0%| F|  |TAMS 0x00000000ea200000, 0x00000000ea200000| Untracked 
| 163|0x00000000ea300000, 0x00000000ea300000, 0x00000000ea400000|  0%| F|  |TAMS 0x00000000ea300000, 0x00000000ea300000| Untracked 
| 164|0x00000000ea400000, 0x00000000ea400000, 0x00000000ea500000|  0%| F|  |TAMS 0x00000000ea400000, 0x00000000ea400000| Untracked 
| 165|0x00000000ea500000, 0x00000000ea500000, 0x00000000ea600000|  0%| F|  |TAMS 0x00000000ea500000, 0x00000000ea500000| Untracked 
| 166|0x00000000ea600000, 0x00000000ea600000, 0x00000000ea700000|  0%| F|  |TAMS 0x00000000ea600000, 0x00000000ea600000| Untracked 
| 167|0x00000000ea700000, 0x00000000ea700000, 0x00000000ea800000|  0%| F|  |TAMS 0x00000000ea700000, 0x00000000ea700000| Untracked 
| 168|0x00000000ea800000, 0x00000000ea800000, 0x00000000ea900000|  0%| F|  |TAMS 0x00000000ea800000, 0x00000000ea800000| Untracked 
| 169|0x00000000ea900000, 0x00000000ea900000, 0x00000000eaa00000|  0%| F|  |TAMS 0x00000000ea900000, 0x00000000ea900000| Untracked 
| 170|0x00000000eaa00000, 0x00000000eaa00000, 0x00000000eab00000|  0%| F|  |TAMS 0x00000000eaa00000, 0x00000000eaa00000| Untracked 
| 171|0x00000000eab00000, 0x00000000eab00000, 0x00000000eac00000|  0%| F|  |TAMS 0x00000000eab00000, 0x00000000eab00000| Untracked 
| 172|0x00000000eac00000, 0x00000000eac00000, 0x00000000ead00000|  0%| F|  |TAMS 0x00000000eac00000, 0x00000000eac00000| Untracked 
| 173|0x00000000ead00000, 0x00000000ead00000, 0x00000000eae00000|  0%| F|  |TAMS 0x00000000ead00000, 0x00000000ead00000| Untracked 
| 174|0x00000000eae00000, 0x00000000eae00000, 0x00000000eaf00000|  0%| F|  |TAMS 0x00000000eae00000, 0x00000000eae00000| Untracked 
| 175|0x00000000eaf00000, 0x00000000eaf00000, 0x00000000eb000000|  0%| F|  |TAMS 0x00000000eaf00000, 0x00000000eaf00000| Untracked 
| 176|0x00000000eb000000, 0x00000000eb000000, 0x00000000eb100000|  0%| F|  |TAMS 0x00000000eb000000, 0x00000000eb000000| Untracked 
| 177|0x00000000eb100000, 0x00000000eb100000, 0x00000000eb200000|  0%| F|  |TAMS 0x00000000eb100000, 0x00000000eb100000| Untracked 
| 178|0x00000000eb200000, 0x00000000eb200000, 0x00000000eb300000|  0%| F|  |TAMS 0x00000000eb200000, 0x00000000eb200000| Untracked 
| 179|0x00000000eb300000, 0x00000000eb300000, 0x00000000eb400000|  0%| F|  |TAMS 0x00000000eb300000, 0x00000000eb300000| Untracked 
| 180|0x00000000eb400000, 0x00000000eb400000, 0x00000000eb500000|  0%| F|  |TAMS 0x00000000eb400000, 0x00000000eb400000| Untracked 
| 181|0x00000000eb500000, 0x00000000eb500000, 0x00000000eb600000|  0%| F|  |TAMS 0x00000000eb500000, 0x00000000eb500000| Untracked 
| 182|0x00000000eb600000, 0x00000000eb600000, 0x00000000eb700000|  0%| F|  |TAMS 0x00000000eb600000, 0x00000000eb600000| Untracked 
| 183|0x00000000eb700000, 0x00000000eb700000, 0x00000000eb800000|  0%| F|  |TAMS 0x00000000eb700000, 0x00000000eb700000| Untracked 
| 184|0x00000000eb800000, 0x00000000eb800000, 0x00000000eb900000|  0%| F|  |TAMS 0x00000000eb800000, 0x00000000eb800000| Untracked 
| 185|0x00000000eb900000, 0x00000000eb900000, 0x00000000eba00000|  0%| F|  |TAMS 0x00000000eb900000, 0x00000000eb900000| Untracked 
| 186|0x00000000eba00000, 0x00000000eba00000, 0x00000000ebb00000|  0%| F|  |TAMS 0x00000000eba00000, 0x00000000eba00000| Untracked 
| 187|0x00000000ebb00000, 0x00000000ebb00000, 0x00000000ebc00000|  0%| F|  |TAMS 0x00000000ebb00000, 0x00000000ebb00000| Untracked 
| 188|0x00000000ebc00000, 0x00000000ebc00000, 0x00000000ebd00000|  0%| F|  |TAMS 0x00000000ebc00000, 0x00000000ebc00000| Untracked 
| 189|0x00000000ebd00000, 0x00000000ebd00000, 0x00000000ebe00000|  0%| F|  |TAMS 0x00000000ebd00000, 0x00000000ebd00000| Untracked 
| 190|0x00000000ebe00000, 0x00000000ebe00000, 0x00000000ebf00000|  0%| F|  |TAMS 0x00000000ebe00000, 0x00000000ebe00000| Untracked 
| 191|0x00000000ebf00000, 0x00000000ebf00000, 0x00000000ec000000|  0%| F|  |TAMS 0x00000000ebf00000, 0x00000000ebf00000| Untracked 
| 192|0x00000000ec000000, 0x00000000ec000000, 0x00000000ec100000|  0%| F|  |TAMS 0x00000000ec000000, 0x00000000ec000000| Untracked 
| 193|0x00000000ec100000, 0x00000000ec100000, 0x00000000ec200000|  0%| F|  |TAMS 0x00000000ec100000, 0x00000000ec100000| Untracked 
| 194|0x00000000ec200000, 0x00000000ec200000, 0x00000000ec300000|  0%| F|  |TAMS 0x00000000ec200000, 0x00000000ec200000| Untracked 
| 195|0x00000000ec300000, 0x00000000ec300000, 0x00000000ec400000|  0%| F|  |TAMS 0x00000000ec300000, 0x00000000ec300000| Untracked 
| 196|0x00000000ec400000, 0x00000000ec400000, 0x00000000ec500000|  0%| F|  |TAMS 0x00000000ec400000, 0x00000000ec400000| Untracked 
| 197|0x00000000ec500000, 0x00000000ec500000, 0x00000000ec600000|  0%| F|  |TAMS 0x00000000ec500000, 0x00000000ec500000| Untracked 
| 198|0x00000000ec600000, 0x00000000ec600000, 0x00000000ec700000|  0%| F|  |TAMS 0x00000000ec600000, 0x00000000ec600000| Untracked 
| 199|0x00000000ec700000, 0x00000000ec700000, 0x00000000ec800000|  0%| F|  |TAMS 0x00000000ec700000, 0x00000000ec700000| Untracked 
| 200|0x00000000ec800000, 0x00000000ec800000, 0x00000000ec900000|  0%| F|  |TAMS 0x00000000ec800000, 0x00000000ec800000| Untracked 
| 201|0x00000000ec900000, 0x00000000ec900000, 0x00000000eca00000|  0%| F|  |TAMS 0x00000000ec900000, 0x00000000ec900000| Untracked 
| 202|0x00000000eca00000, 0x00000000eca00000, 0x00000000ecb00000|  0%| F|  |TAMS 0x00000000eca00000, 0x00000000eca00000| Untracked 
| 203|0x00000000ecb00000, 0x00000000ecb00000, 0x00000000ecc00000|  0%| F|  |TAMS 0x00000000ecb00000, 0x00000000ecb00000| Untracked 
| 204|0x00000000ecc00000, 0x00000000ecc00000, 0x00000000ecd00000|  0%| F|  |TAMS 0x00000000ecc00000, 0x00000000ecc00000| Untracked 
| 205|0x00000000ecd00000, 0x00000000ecd00000, 0x00000000ece00000|  0%| F|  |TAMS 0x00000000ecd00000, 0x00000000ecd00000| Untracked 
| 206|0x00000000ece00000, 0x00000000ece00000, 0x00000000ecf00000|  0%| F|  |TAMS 0x00000000ece00000, 0x00000000ece00000| Untracked 
| 207|0x00000000ecf00000, 0x00000000ecf00000, 0x00000000ed000000|  0%| F|  |TAMS 0x00000000ecf00000, 0x00000000ecf00000| Untracked 
| 208|0x00000000ed000000, 0x00000000ed000000, 0x00000000ed100000|  0%| F|  |TAMS 0x00000000ed000000, 0x00000000ed000000| Untracked 
| 209|0x00000000ed100000, 0x00000000ed100000, 0x00000000ed200000|  0%| F|  |TAMS 0x00000000ed100000, 0x00000000ed100000| Untracked 
| 210|0x00000000ed200000, 0x00000000ed200000, 0x00000000ed300000|  0%| F|  |TAMS 0x00000000ed200000, 0x00000000ed200000| Untracked 
| 211|0x00000000ed300000, 0x00000000ed300000, 0x00000000ed400000|  0%| F|  |TAMS 0x00000000ed300000, 0x00000000ed300000| Untracked 
| 212|0x00000000ed400000, 0x00000000ed400000, 0x00000000ed500000|  0%| F|  |TAMS 0x00000000ed400000, 0x00000000ed400000| Untracked 
| 213|0x00000000ed500000, 0x00000000ed500000, 0x00000000ed600000|  0%| F|  |TAMS 0x00000000ed500000, 0x00000000ed500000| Untracked 
| 214|0x00000000ed600000, 0x00000000ed700000, 0x00000000ed700000|100%| E|  |TAMS 0x00000000ed600000, 0x00000000ed600000| Complete 
| 215|0x00000000ed700000, 0x00000000ed800000, 0x00000000ed800000|100%| E|CS|TAMS 0x00000000ed700000, 0x00000000ed700000| Complete 
| 216|0x00000000ed800000, 0x00000000ed900000, 0x00000000ed900000|100%| E|CS|TAMS 0x00000000ed800000, 0x00000000ed800000| Complete 
| 217|0x00000000ed900000, 0x00000000eda00000, 0x00000000eda00000|100%| E|CS|TAMS 0x00000000ed900000, 0x00000000ed900000| Complete 
| 218|0x00000000eda00000, 0x00000000edb00000, 0x00000000edb00000|100%| E|CS|TAMS 0x00000000eda00000, 0x00000000eda00000| Complete 
| 219|0x00000000edb00000, 0x00000000edc00000, 0x00000000edc00000|100%| E|CS|TAMS 0x00000000edb00000, 0x00000000edb00000| Complete 
| 220|0x00000000edc00000, 0x00000000edd00000, 0x00000000edd00000|100%| E|CS|TAMS 0x00000000edc00000, 0x00000000edc00000| Complete 
| 221|0x00000000edd00000, 0x00000000ede00000, 0x00000000ede00000|100%| E|CS|TAMS 0x00000000edd00000, 0x00000000edd00000| Complete 
| 222|0x00000000ede00000, 0x00000000edf00000, 0x00000000edf00000|100%| E|CS|TAMS 0x00000000ede00000, 0x00000000ede00000| Complete 
| 223|0x00000000edf00000, 0x00000000ee000000, 0x00000000ee000000|100%| E|CS|TAMS 0x00000000edf00000, 0x00000000edf00000| Complete 
| 224|0x00000000ee000000, 0x00000000ee100000, 0x00000000ee100000|100%| E|CS|TAMS 0x00000000ee000000, 0x00000000ee000000| Complete 
| 225|0x00000000ee100000, 0x00000000ee200000, 0x00000000ee200000|100%| E|CS|TAMS 0x00000000ee100000, 0x00000000ee100000| Complete 
| 226|0x00000000ee200000, 0x00000000ee300000, 0x00000000ee300000|100%| E|CS|TAMS 0x00000000ee200000, 0x00000000ee200000| Complete 
| 227|0x00000000ee300000, 0x00000000ee400000, 0x00000000ee400000|100%| E|CS|TAMS 0x00000000ee300000, 0x00000000ee300000| Complete 
| 228|0x00000000ee400000, 0x00000000ee500000, 0x00000000ee500000|100%| E|CS|TAMS 0x00000000ee400000, 0x00000000ee400000| Complete 
| 229|0x00000000ee500000, 0x00000000ee600000, 0x00000000ee600000|100%| E|CS|TAMS 0x00000000ee500000, 0x00000000ee500000| Complete 
| 230|0x00000000ee600000, 0x00000000ee700000, 0x00000000ee700000|100%| E|CS|TAMS 0x00000000ee600000, 0x00000000ee600000| Complete 
| 231|0x00000000ee700000, 0x00000000ee800000, 0x00000000ee800000|100%| E|CS|TAMS 0x00000000ee700000, 0x00000000ee700000| Complete 
| 232|0x00000000ee800000, 0x00000000ee900000, 0x00000000ee900000|100%| E|CS|TAMS 0x00000000ee800000, 0x00000000ee800000| Complete 
| 233|0x00000000ee900000, 0x00000000eea00000, 0x00000000eea00000|100%| E|CS|TAMS 0x00000000ee900000, 0x00000000ee900000| Complete 
| 234|0x00000000eea00000, 0x00000000eeb00000, 0x00000000eeb00000|100%| E|CS|TAMS 0x00000000eea00000, 0x00000000eea00000| Complete 
| 235|0x00000000eeb00000, 0x00000000eec00000, 0x00000000eec00000|100%| E|CS|TAMS 0x00000000eeb00000, 0x00000000eeb00000| Complete 
| 236|0x00000000eec00000, 0x00000000eed00000, 0x00000000eed00000|100%| E|CS|TAMS 0x00000000eec00000, 0x00000000eec00000| Complete 
| 237|0x00000000eed00000, 0x00000000eee00000, 0x00000000eee00000|100%| E|CS|TAMS 0x00000000eed00000, 0x00000000eed00000| Complete 
| 238|0x00000000eee00000, 0x00000000eef00000, 0x00000000eef00000|100%| E|CS|TAMS 0x00000000eee00000, 0x00000000eee00000| Complete 
| 239|0x00000000eef00000, 0x00000000ef000000, 0x00000000ef000000|100%| E|CS|TAMS 0x00000000eef00000, 0x00000000eef00000| Complete 
| 240|0x00000000ef000000, 0x00000000ef100000, 0x00000000ef100000|100%| E|CS|TAMS 0x00000000ef000000, 0x00000000ef000000| Complete 
| 241|0x00000000ef100000, 0x00000000ef200000, 0x00000000ef200000|100%| E|CS|TAMS 0x00000000ef100000, 0x00000000ef100000| Complete 
| 242|0x00000000ef200000, 0x00000000ef300000, 0x00000000ef300000|100%| E|CS|TAMS 0x00000000ef200000, 0x00000000ef200000| Complete 
| 243|0x00000000ef300000, 0x00000000ef400000, 0x00000000ef400000|100%| E|CS|TAMS 0x00000000ef300000, 0x00000000ef300000| Complete 
| 244|0x00000000ef400000, 0x00000000ef500000, 0x00000000ef500000|100%| E|CS|TAMS 0x00000000ef400000, 0x00000000ef400000| Complete 
| 245|0x00000000ef500000, 0x00000000ef600000, 0x00000000ef600000|100%| E|CS|TAMS 0x00000000ef500000, 0x00000000ef500000| Complete 
| 246|0x00000000ef600000, 0x00000000ef700000, 0x00000000ef700000|100%| E|CS|TAMS 0x00000000ef600000, 0x00000000ef600000| Complete 
| 247|0x00000000ef700000, 0x00000000ef800000, 0x00000000ef800000|100%| E|CS|TAMS 0x00000000ef700000, 0x00000000ef700000| Complete 
| 248|0x00000000ef800000, 0x00000000ef900000, 0x00000000ef900000|100%| E|CS|TAMS 0x00000000ef800000, 0x00000000ef800000| Complete 
| 249|0x00000000ef900000, 0x00000000efa00000, 0x00000000efa00000|100%| E|CS|TAMS 0x00000000ef900000, 0x00000000ef900000| Complete 
| 250|0x00000000efa00000, 0x00000000efb00000, 0x00000000efb00000|100%| E|CS|TAMS 0x00000000efa00000, 0x00000000efa00000| Complete 
| 251|0x00000000efb00000, 0x00000000efc00000, 0x00000000efc00000|100%| E|CS|TAMS 0x00000000efb00000, 0x00000000efb00000| Complete 
| 252|0x00000000efc00000, 0x00000000efd00000, 0x00000000efd00000|100%| E|CS|TAMS 0x00000000efc00000, 0x00000000efc00000| Complete 
| 253|0x00000000efd00000, 0x00000000efe00000, 0x00000000efe00000|100%| E|CS|TAMS 0x00000000efd00000, 0x00000000efd00000| Complete 

Card table byte_map: [0x000002750f320000,0x000002750f420000] _byte_map_base: 0x000002750ec20000

Marking Bits (Prev, Next): (CMBitMap*) 0x0000027577a6c798, (CMBitMap*) 0x0000027577a6c7d0
 Prev Bits: [0x000002750f520000, 0x000002750fd20000)
 Next Bits: [0x000002750fd20000, 0x0000027510520000)

Polling page: 0x0000027577200000

Metaspace:

Usage:
  Non-class:     45.05 MB capacity,    44.25 MB ( 98%) used,   657.76 KB (  1%) free+waste,   167.44 KB ( <1%) overhead. 
      Class:      6.86 MB capacity,     6.30 MB ( 92%) used,   497.59 KB (  7%) free+waste,    80.88 KB (  1%) overhead. 
       Both:     51.91 MB capacity,    50.54 MB ( 97%) used,     1.13 MB (  2%) free+waste,   248.31 KB ( <1%) overhead. 

Virtual space:
  Non-class space:       46.00 MB reserved,      45.17 MB ( 98%) committed 
      Class space:        1.00 GB reserved,       6.88 MB ( <1%) committed 
             Both:        1.04 GB reserved,      52.04 MB (  5%) committed 

Chunk freelists:
   Non-Class:  6.75 KB
       Class:  1.75 KB
        Both:  8.50 KB

CodeHeap 'non-profiled nmethods': size=120000Kb used=2512Kb max_used=2512Kb free=117487Kb
 bounds [0x0000027507ad0000, 0x0000027507d50000, 0x000002750f000000]
CodeHeap 'profiled nmethods': size=120000Kb used=9524Kb max_used=9524Kb free=110475Kb
 bounds [0x00000275005a0000, 0x0000027500ef0000, 0x0000027507ad0000]
CodeHeap 'non-nmethods': size=5760Kb used=1179Kb max_used=1235Kb free=4580Kb
 bounds [0x0000027500000000, 0x0000027500270000, 0x00000275005a0000]
 total_blobs=4774 nmethods=4240 adapters=443
 compilation: enabled
              stopped_count=0, restarted_count=0
 full_count=0

Compilation events (10 events):
Event: 6.383 Thread 0x0000027513837800 4233  s    3       java.io.BufferedOutputStream::write (35 bytes)
Event: 6.383 Thread 0x0000027513837800 nmethod 4233 0x0000027500ee9590 code [0x0000027500ee9760, 0x0000027500ee9bc8]
Event: 6.383 Thread 0x0000027513837800 4234       1       org.postgresql.core.QueryExecutorBase::isReWriteBatchedInsertsEnabled (5 bytes)
Event: 6.383 Thread 0x0000027513837800 nmethod 4234 0x0000027507d43b10 code [0x0000027507d43ca0, 0x0000027507d43d58]
Event: 6.384 Thread 0x0000027513837800 4235       3       java.net.URI$Parser::scan (41 bytes)
Event: 6.385 Thread 0x0000027513837800 nmethod 4235 0x0000027500ee9d90 code [0x0000027500ee9fe0, 0x0000027500eea8f8]
Event: 6.411 Thread 0x000002751560d800 4236   !   4       java.net.URL::<init> (543 bytes)
Event: 6.429 Thread 0x0000027513837800 4237       3       java.lang.Throwable::<init> (39 bytes)
Event: 6.430 Thread 0x0000027513837800 nmethod 4237 0x0000027500eead10 code [0x0000027500eeaee0, 0x0000027500eeb308]
Event: 6.447 Thread 0x0000027513837800 4238       3       sun.security.provider.DigestBase::engineUpdate (32 bytes)

GC Heap History (10 events):
Event: 2.321 GC heap before
{Heap before GC invocations=2 (full 0):
 garbage-first heap   total 260096K, used 43343K [0x00000000e0000000, 0x0000000100000000)
  region size 1024K, 35 young (35840K), 1 survivors (1024K)
 Metaspace       used 20407K, capacity 21059K, committed 21248K, reserved 1069056K
  class space    used 2311K, capacity 2535K, committed 2560K, reserved 1048576K
}
Event: 2.324 GC heap after
{Heap after GC invocations=3 (full 0):
 garbage-first heap   total 260096K, used 10495K [0x00000000e0000000, 0x0000000100000000)
  region size 1024K, 2 young (2048K), 2 survivors (2048K)
 Metaspace       used 20407K, capacity 21059K, committed 21248K, reserved 1069056K
  class space    used 2311K, capacity 2535K, committed 2560K, reserved 1048576K
}
Event: 3.033 GC heap before
{Heap before GC invocations=4 (full 0):
 garbage-first heap   total 260096K, used 65791K [0x00000000e0000000, 0x0000000100000000)
  region size 1024K, 56 young (57344K), 2 survivors (2048K)
 Metaspace       used 27110K, capacity 28086K, committed 28288K, reserved 1073152K
  class space    used 3210K, capacity 3591K, committed 3712K, reserved 1048576K
}
Event: 3.037 GC heap after
{Heap after GC invocations=5 (full 0):
 garbage-first heap   total 260096K, used 12138K [0x00000000e0000000, 0x0000000100000000)
  region size 1024K, 4 young (4096K), 4 survivors (4096K)
 Metaspace       used 27110K, capacity 28086K, committed 28288K, reserved 1073152K
  class space    used 3210K, capacity 3591K, committed 3712K, reserved 1048576K
}
Event: 3.560 GC heap before
{Heap before GC invocations=5 (full 0):
 garbage-first heap   total 260096K, used 101226K [0x00000000e0000000, 0x0000000100000000)
  region size 1024K, 91 young (93184K), 4 survivors (4096K)
 Metaspace       used 33676K, capacity 34765K, committed 34944K, reserved 1079296K
  class space    used 3933K, capacity 4370K, committed 4480K, reserved 1048576K
}
Event: 3.567 GC heap after
{Heap after GC invocations=6 (full 0):
 garbage-first heap   total 260096K, used 14146K [0x00000000e0000000, 0x0000000100000000)
  region size 1024K, 6 young (6144K), 6 survivors (6144K)
 Metaspace       used 33676K, capacity 34765K, committed 34944K, reserved 1079296K
  class space    used 3933K, capacity 4370K, committed 4480K, reserved 1048576K
}
Event: 3.660 GC heap before
{Heap before GC invocations=6 (full 0):
 garbage-first heap   total 260096K, used 23362K [0x00000000e0000000, 0x0000000100000000)
  region size 1024K, 16 young (16384K), 6 survivors (6144K)
 Metaspace       used 34459K, capacity 35510K, committed 35628K, reserved 1081344K
  class space    used 4031K, capacity 4468K, committed 4480K, reserved 1048576K
}
Event: 3.666 GC heap after
{Heap after GC invocations=7 (full 0):
 garbage-first heap   total 260096K, used 14540K [0x00000000e0000000, 0x0000000100000000)
  region size 1024K, 6 young (6144K), 6 survivors (6144K)
 Metaspace       used 34459K, capacity 35510K, committed 35628K, reserved 1081344K
  class space    used 4031K, capacity 4468K, committed 4480K, reserved 1048576K
}
Event: 5.914 GC heap before
{Heap before GC invocations=8 (full 0):
 garbage-first heap   total 260096K, used 164044K [0x00000000e0000000, 0x0000000100000000)
  region size 1024K, 152 young (155648K), 6 survivors (6144K)
 Metaspace       used 47605K, capacity 49001K, committed 49324K, reserved 1091584K
  class space    used 5735K, capacity 6285K, committed 6400K, reserved 1048576K
}
Event: 5.924 GC heap after
{Heap after GC invocations=9 (full 0):
 garbage-first heap   total 260096K, used 19907K [0x00000000e0000000, 0x0000000100000000)
  region size 1024K, 11 young (11264K), 11 survivors (11264K)
 Metaspace       used 47605K, capacity 49001K, committed 49324K, reserved 1091584K
  class space    used 5735K, capacity 6285K, committed 6400K, reserved 1048576K
}

Deoptimization events (10 events):
Event: 5.792 Thread 0x0000027577a48000 Uncommon trap: reason=profile_predicate action=maybe_recompile pc=0x0000027507d09d98 method=java.lang.PublicMethods$MethodList.filter([Ljava/lang/reflect/Method;Ljava/lang/String;[Ljava/lang/Class;Z)Ljava/lang/PublicMethods$MethodList; @ 21 c2
Event: 5.792 Thread 0x0000027577a48000 Uncommon trap: reason=profile_predicate action=maybe_recompile pc=0x0000027507d09d98 method=java.lang.PublicMethods$MethodList.filter([Ljava/lang/reflect/Method;Ljava/lang/String;[Ljava/lang/Class;Z)Ljava/lang/PublicMethods$MethodList; @ 21 c2
Event: 5.792 Thread 0x0000027577a48000 Uncommon trap: reason=profile_predicate action=maybe_recompile pc=0x0000027507d09d98 method=java.lang.PublicMethods$MethodList.filter([Ljava/lang/reflect/Method;Ljava/lang/String;[Ljava/lang/Class;Z)Ljava/lang/PublicMethods$MethodList; @ 21 c2
Event: 5.792 Thread 0x0000027577a48000 Uncommon trap: reason=profile_predicate action=maybe_recompile pc=0x0000027507d09d98 method=java.lang.PublicMethods$MethodList.filter([Ljava/lang/reflect/Method;Ljava/lang/String;[Ljava/lang/Class;Z)Ljava/lang/PublicMethods$MethodList; @ 21 c2
Event: 5.799 Thread 0x0000027577a48000 Uncommon trap: reason=null_check action=make_not_entrant pc=0x0000027507c85dac method=org.springframework.beans.factory.support.DefaultListableBeanFactory.getBeanDefinition(Ljava/lang/String;)Lorg/springframework/beans/factory/config/BeanDefinition; @ 10 
Event: 5.858 Thread 0x0000027577a48000 Uncommon trap: reason=unstable_if action=reinterpret pc=0x0000027507b6f6a8 method=java.util.zip.ZipFile$Source.getEntryPos([BZ)I @ 145 c2
Event: 5.858 Thread 0x0000027577a48000 Uncommon trap: reason=unstable_if action=reinterpret pc=0x0000027507bd574c method=java.net.URL.<init>(Ljava/net/URL;Ljava/lang/String;Ljava/net/URLStreamHandler;)V @ 57 c2
Event: 5.858 Thread 0x0000027577a48000 Uncommon trap: reason=unstable_if action=reinterpret pc=0x0000027507bf1b10 method=java.net.URLStreamHandler.parseURL(Ljava/net/URL;Ljava/lang/String;II)V @ 57 c2
Event: 5.859 Thread 0x0000027577a48000 Uncommon trap: reason=unstable_if action=reinterpret pc=0x0000027507bc2f94 method=java.io.WinNTFileSystem.resolve(Ljava/lang/String;Ljava/lang/String;)Ljava/lang/String; @ 19 c2
Event: 5.960 Thread 0x00000275172ae800 Uncommon trap: reason=unstable_if action=reinterpret pc=0x0000027507d01924 method=sun.security.provider.SHA2.implDigest([BI)V @ 21 c2

Classes redefined (0 events):
No events

Internal exceptions (10 events):
Event: 5.819 Thread 0x0000027577a48000 Exception <a 'java/lang/ClassNotFoundException'{0x00000000e6a2f040}: org/springframework/beans/factory/BeanClassLoaderAwareCustomizer> (0x00000000e6a2f040) thrown at [./open/src/hotspot/share/classfile/systemDictionary.cpp, line 228]
Event: 5.819 Thread 0x0000027577a48000 Exception <a 'java/lang/ClassNotFoundException'{0x00000000e6a461c8}: org/springframework/beans/factory/AwareCustomizer> (0x00000000e6a461c8) thrown at [./open/src/hotspot/share/classfile/systemDictionary.cpp, line 228]
Event: 5.820 Thread 0x0000027577a48000 Exception <a 'java/lang/ClassNotFoundException'{0x00000000e6a5e940}: org/springframework/beans/factory/BeanFactoryAwareCustomizer> (0x00000000e6a5e940) thrown at [./open/src/hotspot/share/classfile/systemDictionary.cpp, line 228]
Event: 5.820 Thread 0x0000027577a48000 Exception <a 'java/lang/ClassNotFoundException'{0x00000000e6a75fc8}: org/springframework/beans/factory/AwareCustomizer> (0x00000000e6a75fc8) thrown at [./open/src/hotspot/share/classfile/systemDictionary.cpp, line 228]
Event: 5.821 Thread 0x0000027577a48000 Exception <a 'java/lang/ClassNotFoundException'{0x00000000e6a8dd78}: org/springframework/beans/factory/BeanNameAwareCustomizer> (0x00000000e6a8dd78) thrown at [./open/src/hotspot/share/classfile/systemDictionary.cpp, line 228]
Event: 5.822 Thread 0x0000027577a48000 Exception <a 'java/lang/ClassNotFoundException'{0x00000000e6aa52c0}: org/springframework/beans/factory/AwareCustomizer> (0x00000000e6aa52c0) thrown at [./open/src/hotspot/share/classfile/systemDictionary.cpp, line 228]
Event: 5.822 Thread 0x0000027577a48000 Exception <a 'java/lang/ClassNotFoundException'{0x00000000e6abda38}: org/springframework/beans/factory/InitializingBeanCustomizer> (0x00000000e6abda38) thrown at [./open/src/hotspot/share/classfile/systemDictionary.cpp, line 228]
Event: 5.823 Thread 0x0000027577a48000 Exception <a 'java/lang/ClassNotFoundException'{0x00000000e6ad6370}: org/springframework/beans/factory/DisposableBeanCustomizer> (0x00000000e6ad6370) thrown at [./open/src/hotspot/share/classfile/systemDictionary.cpp, line 228]
Event: 5.823 Thread 0x0000027577a48000 Exception <a 'java/lang/ClassNotFoundException'{0x00000000e6af00b8}: org/springframework/orm/jpa/EntityManagerFactoryInfoCustomizer> (0x00000000e6af00b8) thrown at [./open/src/hotspot/share/classfile/systemDictionary.cpp, line 228]
Event: 5.824 Thread 0x0000027577a48000 Exception <a 'java/lang/ClassNotFoundException'{0x00000000e6915830}: org/springframework/dao/support/PersistenceExceptionTranslatorCustomizer> (0x00000000e6915830) thrown at [./open/src/hotspot/share/classfile/systemDictionary.cpp, line 228]

Events (10 events):
Event: 6.444 loading class org/hibernate/type/descriptor/java/DoubleTypeDescriptor
Event: 6.444 loading class org/hibernate/type/descriptor/java/DoubleTypeDescriptor done
Event: 6.445 loading class org/hibernate/type/BigDecimalType
Event: 6.445 loading class org/hibernate/type/BigDecimalType done
Event: 6.445 loading class org/hibernate/type/descriptor/java/BigDecimalTypeDescriptor
Event: 6.445 loading class org/hibernate/type/descriptor/java/BigDecimalTypeDescriptor done
Event: 6.446 loading class org/hibernate/type/BigIntegerType
Event: 6.446 loading class org/hibernate/type/BigIntegerType done
Event: 6.447 loading class org/hibernate/type/descriptor/java/BigIntegerTypeDescriptor
Event: 6.447 loading class org/hibernate/type/descriptor/java/BigIntegerTypeDescriptor done


Dynamic libraries:
0x00007ff689830000 - 0x00007ff68983f000 	C:\Program Files\Java\jdk-11.0.10\bin\java.exe
0x00007ffd014b0000 - 0x00007ffd016a5000 	C:\WINDOWS\SYSTEM32\ntdll.dll
0x00007ffcff8c0000 - 0x00007ffcff97e000 	C:\WINDOWS\System32\KERNEL32.DLL
0x00007ffcfed60000 - 0x00007ffcff028000 	C:\WINDOWS\System32\KERNELBASE.dll
0x00007ffcff1c0000 - 0x00007ffcff2c0000 	C:\WINDOWS\System32\ucrtbase.dll
0x00007ffcf8110000 - 0x00007ffcf8128000 	C:\Program Files\Java\jdk-11.0.10\bin\jli.dll
0x00007ffcd0e90000 - 0x00007ffcd0ea5000 	C:\Program Files\Java\jdk-11.0.10\bin\VCRUNTIME140.dll
0x00007ffcff980000 - 0x00007ffcffa2c000 	C:\WINDOWS\System32\ADVAPI32.dll
0x00007ffd01030000 - 0x00007ffd010ce000 	C:\WINDOWS\System32\msvcrt.dll
0x00007ffd00a90000 - 0x00007ffd00b2b000 	C:\WINDOWS\System32\sechost.dll
0x00007ffd010d0000 - 0x00007ffd011fa000 	C:\WINDOWS\System32\RPCRT4.dll
0x00007ffcff4d0000 - 0x00007ffcff671000 	C:\WINDOWS\System32\USER32.dll
0x00007ffce9980000 - 0x00007ffce9c1a000 	C:\WINDOWS\WinSxS\amd64_microsoft.windows.common-controls_6595b64144ccf1df_6.0.19041.1110_none_60b5254171f9507e\COMCTL32.dll
0x00007ffcff410000 - 0x00007ffcff432000 	C:\WINDOWS\System32\win32u.dll
0x00007ffcff890000 - 0x00007ffcff8bb000 	C:\WINDOWS\System32\GDI32.dll
0x00007ffcff060000 - 0x00007ffcff16b000 	C:\WINDOWS\System32\gdi32full.dll
0x00007ffcff2c0000 - 0x00007ffcff35d000 	C:\WINDOWS\System32\msvcp_win.dll
0x00007ffcee650000 - 0x00007ffcee65a000 	C:\WINDOWS\SYSTEM32\VERSION.dll
0x00007ffd00040000 - 0x00007ffd00070000 	C:\WINDOWS\System32\IMM32.DLL
0x0000000068000000 - 0x000000006806f000 	C:\WINDOWS\System32\QIPCAP64.dll
0x00007ffd00210000 - 0x00007ffd0094f000 	C:\WINDOWS\System32\SHELL32.dll
0x00007ffcfdf70000 - 0x00007ffcfe03b000 	C:\WINDOWS\SYSTEM32\DNSAPI.dll
0x00007ffcfdf30000 - 0x00007ffcfdf6b000 	C:\WINDOWS\SYSTEM32\IPHLPAPI.DLL
0x00007ffd00070000 - 0x00007ffd00078000 	C:\WINDOWS\System32\NSI.dll
0x00007ffcba330000 - 0x00007ffcba3cb000 	C:\Program Files\Java\jdk-11.0.10\bin\msvcp140.dll
0x00007ffc58bb0000 - 0x00007ffc596ab000 	C:\Program Files\Java\jdk-11.0.10\bin\server\jvm.dll
0x00007ffd00b30000 - 0x00007ffd00b38000 	C:\WINDOWS\System32\PSAPI.DLL
0x00007ffcddc60000 - 0x00007ffcddc87000 	C:\WINDOWS\SYSTEM32\WINMM.dll
0x00007ffce5340000 - 0x00007ffce5349000 	C:\WINDOWS\SYSTEM32\WSOCK32.dll
0x00007ffd00fc0000 - 0x00007ffd0102b000 	C:\WINDOWS\System32\WS2_32.dll
0x00007ffcfd3e0000 - 0x00007ffcfd3f2000 	C:\WINDOWS\SYSTEM32\kernel.appcore.dll
0x00007ffcfbaa0000 - 0x00007ffcfbab0000 	C:\Program Files\Java\jdk-11.0.10\bin\verify.dll
0x00007ffcf6450000 - 0x00007ffcf6634000 	C:\WINDOWS\SYSTEM32\DBGHELP.DLL
0x00007ffceafb0000 - 0x00007ffceafdc000 	C:\WINDOWS\SYSTEM32\dbgcore.DLL
0x0000027577170000 - 0x00000275771f3000 	C:\WINDOWS\System32\bcryptPrimitives.dll
0x00007ffcccc40000 - 0x00007ffcccc68000 	C:\Program Files\Java\jdk-11.0.10\bin\java.dll
0x00007ffceb310000 - 0x00007ffceb31a000 	C:\Program Files\Java\jdk-11.0.10\bin\jimage.dll
0x00007ffcd0e70000 - 0x00007ffcd0e86000 	C:\Program Files\Java\jdk-11.0.10\bin\zip.dll
0x00007ffcfcc10000 - 0x00007ffcfd3a0000 	C:\WINDOWS\SYSTEM32\windows.storage.dll
0x00007ffcffc00000 - 0x00007ffcfff55000 	C:\WINDOWS\System32\combase.dll
0x00007ffcfe4a0000 - 0x00007ffcfe4ce000 	C:\WINDOWS\SYSTEM32\Wldp.dll
0x00007ffd012e0000 - 0x00007ffd0138d000 	C:\WINDOWS\System32\SHCORE.dll
0x00007ffcfff60000 - 0x00007ffcfffb5000 	C:\WINDOWS\System32\shlwapi.dll
0x00007ffcfeae0000 - 0x00007ffcfeaff000 	C:\WINDOWS\SYSTEM32\profapi.dll
0x00007ffccea90000 - 0x00007ffcceaa9000 	C:\Program Files\Java\jdk-11.0.10\bin\net.dll
0x00007ffcfc800000 - 0x00007ffcfc90c000 	C:\WINDOWS\SYSTEM32\WINHTTP.dll
0x00007ffcfe280000 - 0x00007ffcfe2ea000 	C:\WINDOWS\system32\mswsock.dll
0x00007ffccdac0000 - 0x00007ffccdad2000 	C:\Program Files\Java\jdk-11.0.10\bin\nio.dll
0x00007ffcfe550000 - 0x00007ffcfe568000 	C:\WINDOWS\SYSTEM32\CRYPTSP.dll
0x00007ffcfdbc0000 - 0x00007ffcfdbf4000 	C:\WINDOWS\system32\rsaenh.dll
0x00007ffcff030000 - 0x00007ffcff057000 	C:\WINDOWS\System32\bcrypt.dll
0x00007ffcfea60000 - 0x00007ffcfea8e000 	C:\WINDOWS\SYSTEM32\USERENV.dll
0x00007ffcfe410000 - 0x00007ffcfe41c000 	C:\WINDOWS\SYSTEM32\CRYPTBASE.dll
0x00007ffcf87b0000 - 0x00007ffcf87c7000 	C:\WINDOWS\SYSTEM32\dhcpcsvc6.DLL
0x00007ffcf8620000 - 0x00007ffcf863d000 	C:\WINDOWS\SYSTEM32\dhcpcsvc.DLL
0x00007ffce6d30000 - 0x00007ffce6d39000 	C:\Program Files\Java\jdk-11.0.10\bin\management.dll
0x00007ffce6b20000 - 0x00007ffce6b2b000 	C:\Program Files\Java\jdk-11.0.10\bin\management_ext.dll
0x00007ffce51f0000 - 0x00007ffce5207000 	C:\WINDOWS\system32\napinsp.dll
0x00007ffce5190000 - 0x00007ffce51ab000 	C:\WINDOWS\system32\pnrpnsp.dll
0x00007ffcf9380000 - 0x00007ffcf9395000 	C:\WINDOWS\system32\wshbth.dll
0x00007ffcf9bd0000 - 0x00007ffcf9bed000 	C:\WINDOWS\system32\NLAapi.dll
0x00007ffce0100000 - 0x00007ffce0112000 	C:\WINDOWS\System32\winrnr.dll
0x00007ffcf6660000 - 0x00007ffcf666a000 	C:\Windows\System32\rasadhlp.dll
0x00007ffcf8c00000 - 0x00007ffcf8c7f000 	C:\WINDOWS\System32\fwpuclnt.dll
0x00007ffccc070000 - 0x00007ffccc095000 	C:\Program Files\Java\jdk-11.0.10\bin\sunec.dll

dbghelp: loaded successfully - version: 4.0.5 - missing functions: none
symbol engine: initialized successfully - sym options: 0x614 - pdb path: .;C:\Program Files\Java\jdk-11.0.10\bin;C:\WINDOWS\SYSTEM32;C:\WINDOWS\WinSxS\amd64_microsoft.windows.common-controls_6595b64144ccf1df_6.0.19041.1110_none_60b5254171f9507e;C:\Program Files\Java\jdk-11.0.10\bin\server

VM Arguments:
jvm_args: -Dorg.gradle.internal.worker.tmpdir=C:\Users\hakanozel\Desktop\developmentHiring\developmentHiring\build\tmp\test\work -Dorg.gradle.native=false --add-opens=java.base/java.util=ALL-UNNAMED --add-opens=java.base/java.lang=ALL-UNNAMED -Xmx512m -Dfile.encoding=windows-1254 -Duser.country=TR -Duser.language=tr -Duser.variant -ea 
java_command: worker.org.gradle.process.internal.worker.GradleWorkerMain 'Gradle Test Executor 1'
java_class_path (initial): C:\\Users\\hakanozel\\.gradle\\caches\\7.3.3\\workerMain\\gradle-worker.jar;C:\\Users\\hakanozel\\Desktop\\developmentHiring\\developmentHiring\\build\\classes\\kotlin\\test;C:\\Users\\hakanozel\\Desktop\\developmentHiring\\developmentHiring\\build\\classes\\kotlin\\main;C:\\Users\\hakanozel\\Desktop\\developmentHiring\\developmentHiring\\build\\resources\\main;C:\\Users\\hakanozel\\.gradle\\caches\\modules-2\\files-2.1\\org.springframework.boot\\spring-boot-starter-data-jdbc\\2.6.3\\5a9af5c336616d318f2f473f4489bcbb0b40f238\\spring-boot-starter-data-jdbc-2.6.3.jar;C:\\Users\\hakanozel\\.gradle\\caches\\modules-2\\files-2.1\\org.springframework.boot\\spring-boot-starter-data-jpa\\2.6.3\\74c60a724e4f81c7527b848ee24e91ba6facfe24\\spring-boot-starter-data-jpa-2.6.3.jar;C:\\Users\\hakanozel\\.gradle\\caches\\modules-2\\files-2.1\\org.springframework.boot\\spring-boot-starter-jdbc\\2.6.3\\17871ef6920a3decad5f10181b2baf198ea2b787\\spring-boot-starter-jdbc-2.6.3.jar;C:\\Users\\hakanozel\\.gradle\\caches\\modules-2\\files-2.1\\org.springframework.boot\\spring-boot-starter-web\\2.6.3\\ceb6e909c144daf9e792069f5f0efd105c8712a\\spring-boot-starter-web-2.6.3.jar;C:\\Users\\hakanozel\\.gradle\\caches\\modules-2\\files-2.1\\org.springframework.boot\\spring-boot-starter-json\\2.6.3\\b43885849bde2ad5d436c5acdd43b21730f9c676\\spring-boot-starter-json-2.6.3.jar;C:\\Users\\hakanozel\\.gradle\\caches\\modules-2\\files-2.1\\com.fasterxml.jackson.datatype\\jackson-datatype-jdk8\\2.13.1\\8ecfa9bcd714269fdf22c33f9fd00d0643bd0e21\\jackson-datatype-jdk8-2.13.1.jar;C:\\Users\\hakanozel\\.gradle\\caches\\modules-2\\files-2.1\\com.fasterxml.jackson.datatype\\jackson-datatype-jsr310\\2.13.1\\1ece5a87b59701328215e0083448b4d451857cbd\\jackson-datatype-jsr310-2.13.1.jar;C:\\Users\\hakanozel\\.gradle\\caches\\modules-2\\files-2.1\\com.fasterxml.jackson.module\\jackson-module-parameter-names\\2.13.1\\cbeec2259213c555ef451a2e05f35ed1dbfbf799\\jackson-module-parameter-names-2
Launcher Type: SUN_STANDARD

[Global flags]
     intx CICompilerCount                          = 4                                         {product} {ergonomic}
     uint ConcGCThreads                            = 2                                         {product} {ergonomic}
     uint G1ConcRefinementThreads                  = 8                                         {product} {ergonomic}
   size_t G1HeapRegionSize                         = 1048576                                   {product} {ergonomic}
    uintx GCDrainStackTargetSize                   = 64                                        {product} {ergonomic}
   size_t InitialHeapSize                          = 266338304                                 {product} {ergonomic}
   size_t MarkStackSize                            = 4194304                                   {product} {ergonomic}
   size_t MaxHeapSize                              = 536870912                                 {product} {command line}
   size_t MaxNewSize                               = 321912832                                 {product} {ergonomic}
   size_t MinHeapDeltaBytes                        = 1048576                                   {product} {ergonomic}
    uintx NonNMethodCodeHeapSize                   = 5836300                                {pd product} {ergonomic}
    uintx NonProfiledCodeHeapSize                  = 122910970                              {pd product} {ergonomic}
    uintx ProfiledCodeHeapSize                     = 122910970                              {pd product} {ergonomic}
    uintx ReservedCodeCacheSize                    = 251658240                              {pd product} {ergonomic}
     bool SegmentedCodeCache                       = true                                      {product} {ergonomic}
     bool UseCompressedClassPointers               = true                                 {lp64_product} {ergonomic}
     bool UseCompressedOops                        = true                                 {lp64_product} {ergonomic}
     bool UseG1GC                                  = true                                      {product} {ergonomic}
     bool UseLargePagesIndividualAllocation        = false                                  {pd product} {ergonomic}

Logging:
Log output configuration:
 #0: stdout all=warning uptime,level,tags
 #1: stderr all=off uptime,level,tags

Environment Variables:
JAVA_HOME=C:\Program Files (x86)\Java\jdk1.8.0_192
PATH=C:\Program Files\Common Files\Oracle\Java\javapath;C:\app\product\12.1.0\client_1\bin;D:\app\hakanozel\product\12.1.0\client_1;D:\app\hakanozel\product\11.2.0\client_1;C:\Users\hakanozel\AppData\Local\Android\Sdk\platform-tools;C:\Program Files\nodejs\;C:\Users\hakanozel\AppData\Roaming\npm;C:\Users\hakanozel\AppData\Local\Android\Sdk;C:\WINDOWS\system32;C:\WINDOWS;C:\WINDOWS\System32\Wbem;C:\WINDOWS\System32\WindowsPowerShell\v1.0\;C:\WINDOWS\System32\OpenSSH\;c:\Program Files (x86)\Intel\Intel(R) Management Engine Components\DAL;c:\Program Files\Intel\Intel(R) Management Engine Components\DAL;C:\Program Files\dotnet\;C:\Program Files (x86)\Common Files\Oracle\Java;C:\Program Files\Git\cmd;C:\Program Files\nodejs;C:\Users\hakanozel\AppData\Local\Android\Sdk;C:\Users\hakanozel\AppData\Local\Android\Sdk\platform-tools;C:\Users\hakanozel\AppData\Roaming\npm\node_modules\react-native-cli\node_modules;C:\Users\hakanozel\AppData\Local\Programs\Microsoft VS Code\bin;C:\Users\hakanozel\AppData\Local\Microsoft\WindowsApps;D:\app\hakanozel\product\11.2.0\client_1;
USERNAME=hakanozel
OS=Windows_NT
PROCESSOR_IDENTIFIER=Intel64 Family 6 Model 142 Stepping 10, GenuineIntel



---------------  S Y S T E M  ---------------

OS: Windows 10 , 64 bit Build 19041 (10.0.19041.1348)
Hyper-V role detected

CPU:total 8 (initial active 8) (4 cores per cpu, 2 threads per core) family 6 model 142 stepping 10 microcode 0xd6, cmov, cx8, fxsr, mmx, sse, sse2, sse3, ssse3, sse4.1, sse4.2, popcnt, avx, avx2, aes, clmul, erms, 3dnowpref, lzcnt, ht, tsc, tscinvbit, bmi1, bmi2, adx, fma

Memory: 4k page, system-wide physical 16238M (2012M free)
TotalPageFile size 30758M (AvailPageFile size 33M)
current process WorkingSet (physical memory assigned to process): 359M, peak: 361M
current process commit charge ("private bytes"): 485M, peak: 485M

vm_info: Java HotSpot(TM) 64-Bit Server VM (11.0.10+8-LTS-162) for windows-amd64 JRE (11.0.10+8-LTS-162), built on Dec  8 2020 16:32:57 by "mach5one" with MS VC++ 15.9 (VS2017)

END.
